#
# There is insufficient memory for the Java Runtime Environment to continue.
# Native memory allocation (malloc) failed to allocate 363616 bytes for Chunk::new
# Possible reasons:
#   The system is out of physical RAM or swap space
#   The process is running with CompressedOops enabled, and the Java Heap may be blocking the growth of the native heap
# Possible solutions:
#   Reduce memory load on the system
#   Increase physical memory or swap space
#   Check if swap backing store is full
#   Decrease Java heap size (-Xmx/-Xms)
#   Decrease number of Java threads
#   Decrease Java thread stack sizes (-Xss)
#   Set larger code cache with -XX:ReservedCodeCacheSize=
#   JVM is running with Unscaled Compressed Oops mode in which the Java heap is
#     placed in the first 4GB address space. The Java Heap base address is the
#     maximum limit for the native heap growth. Please use -XX:HeapBaseMinAddress
#     to set the Java Heap base and to place the Java Heap above 4GB virtual address.
# This output file may be truncated or incomplete.
#
#  Out of Memory Error (allocation.cpp:389), pid=18992, tid=0x0000000000003cf4
#
# JRE version: OpenJDK Runtime Environment (8.0_362-b09) (build 1.8.0_362-b09)
# Java VM: OpenJDK 64-Bit Server VM (25.362-b09 mixed mode windows-amd64 compressed oops)
# Failed to write core dump. Minidumps are not enabled by default on client versions of Windows
#

---------------  T H R E A D  ---------------

Current thread (0x0000024e96991000):  JavaThread "C2 CompilerThread0" daemon [_thread_in_native, id=15604, stack(0x000000654dd00000,0x000000654de00000)]

Stack: [0x000000654dd00000,0x000000654de00000]
[error occurred during error reporting (printing stack bounds), id 0xc0000005]

Native frames: (J=compiled Java code, j=interpreted, Vv=VM code, C=native code)


Current CompileTask:
C2:   3309 2958   !   4       sun.net.www.protocol.jar.JarURLConnection::connect (163 bytes)


---------------  P R O C E S S  ---------------

Java Threads: ( => current thread )
  0x0000024e96a41800 JavaThread "Service Thread" daemon [_thread_blocked, id=19020, stack(0x000000654e000000,0x000000654e100000)]
  0x0000024e969a6000 JavaThread "C1 CompilerThread2" daemon [_thread_blocked, id=15984, stack(0x000000654df00000,0x000000654e000000)]
  0x0000024e96995800 JavaThread "C2 CompilerThread1" daemon [_thread_in_native, id=15444, stack(0x000000654de00000,0x000000654df00000)]
=>0x0000024e96991000 JavaThread "C2 CompilerThread0" daemon [_thread_in_native, id=15604, stack(0x000000654dd00000,0x000000654de00000)]
  0x0000024e9698f800 JavaThread "Attach Listener" daemon [_thread_blocked, id=16780, stack(0x000000654dc00000,0x000000654dd00000)]
  0x0000024e9698d800 JavaThread "Signal Dispatcher" daemon [_thread_blocked, id=16972, stack(0x000000654db00000,0x000000654dc00000)]
  0x0000024e96967800 JavaThread "Finalizer" daemon [_thread_blocked, id=3440, stack(0x000000654da00000,0x000000654db00000)]
  0x0000024e96960800 JavaThread "Reference Handler" daemon [_thread_blocked, id=17232, stack(0x000000654d900000,0x000000654da00000)]
  0x0000024e84cda000 JavaThread "main" [_thread_in_native, id=7104, stack(0x000000654d700000,0x000000654d800000)]

Other Threads:
  0x0000024e96935000 VMThread [stack: 0x000000654d800000,0x000000654d900000] [id=17072]
  0x0000024e96a44000 WatcherThread [stack: 0x000000654e100000,0x000000654e200000] [id=17732]

VM state:not at safepoint (normal execution)

VM Mutex/Monitor currently owned by a thread: None

heap address: 0x00000000a2400000, size: 1500 MB, Compressed Oops mode: 32-bit
Narrow klass base: 0x0000000000000000, Narrow klass shift: 3
Compressed class space size: 1073741824 Address: 0x0000000100000000

Heap:
 def new generation   total 78656K, used 16716K [0x00000000a2400000, 0x00000000a7950000, 0x00000000c1800000)
  eden space 69952K,  15% used [0x00000000a2400000, 0x00000000a2ed4fb8, 0x00000000a6850000)
  from space 8704K,  64% used [0x00000000a6850000, 0x00000000a6dce138, 0x00000000a70d0000)
  to   space 8704K,   0% used [0x00000000a70d0000, 0x00000000a70d0000, 0x00000000a7950000)
 tenured generation   total 174784K, used 10416K [0x00000000c1800000, 0x00000000cc2b0000, 0x0000000100000000)
   the space 174784K,   5% used [0x00000000c1800000, 0x00000000c222c248, 0x00000000c222c400, 0x00000000cc2b0000)
 Metaspace       used 13952K, capacity 14106K, committed 14336K, reserved 1062912K
  class space    used 1476K, capacity 1503K, committed 1536K, reserved 1048576K

Card table byte_map: [0x0000024e95b50000,0x0000024e95e40000] byte_map_base: 0x0000024e9563e000

Polling page: 0x0000024e84ee0000

CodeCache: size=245760Kb used=10981Kb max_used=10996Kb free=234778Kb
 bounds [0x0000024e86790000, 0x0000024e87260000, 0x0000024e95790000]
 total_blobs=3316 nmethods=2950 adapters=277
 compilation: enabled

Compilation events (10 events):
Event: 3.283 Thread 0x0000024e969a6000 2957       3       java.nio.Bits::byteOrder (20 bytes)
Event: 3.283 Thread 0x0000024e969a6000 nmethod 2957 0x0000024e87221010 code [0x0000024e87221160, 0x0000024e872212b8]
Event: 3.283 Thread 0x0000024e96991000 nmethod 2954 0x0000024e87229550 code [0x0000024e872296a0, 0x0000024e87229778]
Event: 3.286 Thread 0x0000024e96991000 2958   !   4       sun.net.www.protocol.jar.JarURLConnection::connect (163 bytes)
Event: 3.287 Thread 0x0000024e969a6000 2959       3       java.net.Parts::<init> (87 bytes)
Event: 3.288 Thread 0x0000024e969a6000 nmethod 2959 0x0000024e87221ad0 code [0x0000024e87221ca0, 0x0000024e87222640]
Event: 3.288 Thread 0x0000024e969a6000 2960       3       sun.net.util.IPAddressUtil::checkExternalForm (69 bytes)
Event: 3.288 Thread 0x0000024e969a6000 nmethod 2960 0x0000024e87245850 code [0x0000024e87245a80, 0x0000024e872466d0]
Event: 3.290 Thread 0x0000024e96995800 nmethod 2951 0x0000024e87253cd0 code [0x0000024e87253ea0, 0x0000024e872547d8]
Event: 3.292 Thread 0x0000024e96995800 2961       4       com.sun.xml.bind.v2.runtime.property.PropertyFactory::isLeaf (93 bytes)

GC Heap History (8 events):
Event: 1.073 GC heap before
{Heap before GC invocations=0 (full 0):
 def new generation   total 78656K, used 69952K [0x00000000a2400000, 0x00000000a7950000, 0x00000000c1800000)
  eden space 69952K, 100% used [0x00000000a2400000, 0x00000000a6850000, 0x00000000a6850000)
  from space 8704K,   0% used [0x00000000a6850000, 0x00000000a6850000, 0x00000000a70d0000)
  to   space 8704K,   0% used [0x00000000a70d0000, 0x00000000a70d0000, 0x00000000a7950000)
 tenured generation   total 174784K, used 0K [0x00000000c1800000, 0x00000000cc2b0000, 0x0000000100000000)
   the space 174784K,   0% used [0x00000000c1800000, 0x00000000c1800000, 0x00000000c1800200, 0x00000000cc2b0000)
 Metaspace       used 8775K, capacity 8824K, committed 8960K, reserved 1056768K
  class space    used 890K, capacity 916K, committed 1024K, reserved 1048576K
Event: 1.096 GC heap after
Heap after GC invocations=1 (full 0):
 def new generation   total 78656K, used 8704K [0x00000000a2400000, 0x00000000a7950000, 0x00000000c1800000)
  eden space 69952K,   0% used [0x00000000a2400000, 0x00000000a2400000, 0x00000000a6850000)
  from space 8704K, 100% used [0x00000000a70d0000, 0x00000000a7950000, 0x00000000a7950000)
  to   space 8704K,   0% used [0x00000000a6850000, 0x00000000a6850000, 0x00000000a70d0000)
 tenured generation   total 174784K, used 1161K [0x00000000c1800000, 0x00000000cc2b0000, 0x0000000100000000)
   the space 174784K,   0% used [0x00000000c1800000, 0x00000000c19227d8, 0x00000000c1922800, 0x00000000cc2b0000)
 Metaspace       used 8775K, capacity 8824K, committed 8960K, reserved 1056768K
  class space    used 890K, capacity 916K, committed 1024K, reserved 1048576K
}
Event: 2.053 GC heap before
{Heap before GC invocations=1 (full 0):
 def new generation   total 78656K, used 78656K [0x00000000a2400000, 0x00000000a7950000, 0x00000000c1800000)
  eden space 69952K, 100% used [0x00000000a2400000, 0x00000000a6850000, 0x00000000a6850000)
  from space 8704K, 100% used [0x00000000a70d0000, 0x00000000a7950000, 0x00000000a7950000)
  to   space 8704K,   0% used [0x00000000a6850000, 0x00000000a6850000, 0x00000000a70d0000)
 tenured generation   total 174784K, used 1161K [0x00000000c1800000, 0x00000000cc2b0000, 0x0000000100000000)
   the space 174784K,   0% used [0x00000000c1800000, 0x00000000c19227d8, 0x00000000c1922800, 0x00000000cc2b0000)
 Metaspace       used 13666K, capacity 13850K, committed 14080K, reserved 1062912K
  class space    used 1474K, capacity 1503K, committed 1536K, reserved 1048576K
Event: 2.083 GC heap after
Heap after GC invocations=2 (full 0):
 def new generation   total 78656K, used 7899K [0x00000000a2400000, 0x00000000a7950000, 0x00000000c1800000)
  eden space 69952K,   0% used [0x00000000a2400000, 0x00000000a2400000, 0x00000000a6850000)
  from space 8704K,  90% used [0x00000000a6850000, 0x00000000a7006ee0, 0x00000000a70d0000)
  to   space 8704K,   0% used [0x00000000a70d0000, 0x00000000a70d0000, 0x00000000a7950000)
 tenured generation   total 174784K, used 8689K [0x00000000c1800000, 0x00000000cc2b0000, 0x0000000100000000)
   the space 174784K,   4% used [0x00000000c1800000, 0x00000000c207c638, 0x00000000c207c800, 0x00000000cc2b0000)
 Metaspace       used 13666K, capacity 13850K, committed 14080K, reserved 1062912K
  class space    used 1474K, capacity 1503K, committed 1536K, reserved 1048576K
}
Event: 2.601 GC heap before
{Heap before GC invocations=2 (full 0):
 def new generation   total 78656K, used 77851K [0x00000000a2400000, 0x00000000a7950000, 0x00000000c1800000)
  eden space 69952K, 100% used [0x00000000a2400000, 0x00000000a6850000, 0x00000000a6850000)
  from space 8704K,  90% used [0x00000000a6850000, 0x00000000a7006ee0, 0x00000000a70d0000)
  to   space 8704K,   0% used [0x00000000a70d0000, 0x00000000a70d0000, 0x00000000a7950000)
 tenured generation   total 174784K, used 8689K [0x00000000c1800000, 0x00000000cc2b0000, 0x0000000100000000)
   the space 174784K,   4% used [0x00000000c1800000, 0x00000000c207c638, 0x00000000c207c800, 0x00000000cc2b0000)
 Metaspace       used 13879K, capacity 14042K, committed 14080K, reserved 1062912K
  class space    used 1475K, capacity 1503K, committed 1536K, reserved 1048576K
Event: 2.613 GC heap after
Heap after GC invocations=3 (full 0):
 def new generation   total 78656K, used 5488K [0x00000000a2400000, 0x00000000a7950000, 0x00000000c1800000)
  eden space 69952K,   0% used [0x00000000a2400000, 0x00000000a2400000, 0x00000000a6850000)
  from space 8704K,  63% used [0x00000000a70d0000, 0x00000000a762c268, 0x00000000a7950000)
  to   space 8704K,   0% used [0x00000000a6850000, 0x00000000a6850000, 0x00000000a70d0000)
 tenured generation   total 174784K, used 10221K [0x00000000c1800000, 0x00000000cc2b0000, 0x0000000100000000)
   the space 174784K,   5% used [0x00000000c1800000, 0x00000000c21fb620, 0x00000000c21fb800, 0x00000000cc2b0000)
 Metaspace       used 13879K, capacity 14042K, committed 14080K, reserved 1062912K
  class space    used 1475K, capacity 1503K, committed 1536K, reserved 1048576K
}
Event: 3.256 GC heap before
{Heap before GC invocations=3 (full 0):
 def new generation   total 78656K, used 75440K [0x00000000a2400000, 0x00000000a7950000, 0x00000000c1800000)
  eden space 69952K, 100% used [0x00000000a2400000, 0x00000000a6850000, 0x00000000a6850000)
  from space 8704K,  63% used [0x00000000a70d0000, 0x00000000a762c268, 0x00000000a7950000)
  to   space 8704K,   0% used [0x00000000a6850000, 0x00000000a6850000, 0x00000000a70d0000)
 tenured generation   total 174784K, used 10221K [0x00000000c1800000, 0x00000000cc2b0000, 0x0000000100000000)
   the space 174784K,   5% used [0x00000000c1800000, 0x00000000c21fb620, 0x00000000c21fb800, 0x00000000cc2b0000)
 Metaspace       used 13949K, capacity 14106K, committed 14336K, reserved 1062912K
  class space    used 1476K, capacity 1503K, committed 1536K, reserved 1048576K
Event: 3.266 GC heap after
Heap after GC invocations=4 (full 0):
 def new generation   total 78656K, used 5624K [0x00000000a2400000, 0x00000000a7950000, 0x00000000c1800000)
  eden space 69952K,   0% used [0x00000000a2400000, 0x00000000a2400000, 0x00000000a6850000)
  from space 8704K,  64% used [0x00000000a6850000, 0x00000000a6dce138, 0x00000000a70d0000)
  to   space 8704K,   0% used [0x00000000a70d0000, 0x00000000a70d0000, 0x00000000a7950000)
 tenured generation   total 174784K, used 10416K [0x00000000c1800000, 0x00000000cc2b0000, 0x0000000100000000)
   the space 174784K,   5% used [0x00000000c1800000, 0x00000000c222c248, 0x00000000c222c400, 0x00000000cc2b0000)
 Metaspace       used 13949K, capacity 14106K, committed 14336K, reserved 1062912K
  class space    used 1476K, capacity 1503K, committed 1536K, reserved 1048576K
}

Deoptimization events (10 events):
Event: 1.347 Thread 0x0000024e84cda000 Uncommon trap: reason=unstable_if action=reinterpret pc=0x0000024e86b616f0 method=com.sun.org.apache.xerces.internal.impl.XMLEntityScanner.scanContent(Lcom/sun/org/apache/xerces/internal/xni/XMLString;)I @ 275
Event: 1.638 Thread 0x0000024e84cda000 Uncommon trap: reason=unstable_if action=reinterpret pc=0x0000024e86dff7dc method=java.util.LinkedHashMap.afterNodeInsertion(Z)V @ 18
Event: 1.766 Thread 0x0000024e84cda000 Uncommon trap: reason=unstable_if action=reinterpret pc=0x0000024e86d812d0 method=com.sun.org.apache.xerces.internal.impl.XMLEntityScanner.peekChar()I @ 14
Event: 1.772 Thread 0x0000024e84cda000 Uncommon trap: reason=unstable_if action=reinterpret pc=0x0000024e86d4604c method=java.io.WinNTFileSystem.normalize(Ljava/lang/String;)Ljava/lang/String; @ 128
Event: 1.776 Thread 0x0000024e84cda000 Uncommon trap: reason=bimorphic action=maybe_recompile pc=0x0000024e86da784c method=java.util.AbstractList$Itr.next()Ljava/lang/Object; @ 14
Event: 1.789 Thread 0x0000024e84cda000 Uncommon trap: reason=predicate action=maybe_recompile pc=0x0000024e86c48ba4 method=java.lang.String.regionMatches(ZILjava/lang/String;II)Z @ 63
Event: 1.937 Thread 0x0000024e84cda000 Uncommon trap: reason=class_check action=maybe_recompile pc=0x0000024e86a3882c method=java.util.regex.Pattern$CharProperty$1.isSatisfiedBy(I)Z @ 5
Event: 1.937 Thread 0x0000024e84cda000 Uncommon trap: reason=class_check action=maybe_recompile pc=0x0000024e86a3882c method=java.util.regex.Pattern$CharProperty$1.isSatisfiedBy(I)Z @ 5
Event: 1.937 Thread 0x0000024e84cda000 Uncommon trap: reason=class_check action=maybe_recompile pc=0x0000024e86a3882c method=java.util.regex.Pattern$CharProperty$1.isSatisfiedBy(I)Z @ 5
Event: 2.050 Thread 0x0000024e84cda000 Uncommon trap: reason=unstable_if action=reinterpret pc=0x0000024e86af3720 method=com.sun.org.apache.xerces.internal.impl.XMLDocumentFragmentScannerImpl.seekCloseOfStartTag()Z @ 95

Classes redefined (0 events):
No events

Internal exceptions (10 events):
Event: 3.212 Thread 0x0000024e84cda000 Exception <a 'java/lang/ClassNotFoundException': com/sun/org/glassfish/hk2/osgiresourcelocator/ServiceLoader> (0x00000000a6346b88) thrown at [J:\jenkins\tmp\workspace\build\src\hotspot\src\share\vm\classfile\systemDictionary.cpp, line 217]
Event: 3.224 Thread 0x0000024e84cda000 Exception <a 'java/lang/ClassNotFoundException': com/sun/org/glassfish/hk2/osgiresourcelocator/ServiceLoader> (0x00000000a64b71f8) thrown at [J:\jenkins\tmp\workspace\build\src\hotspot\src\share\vm\classfile\systemDictionary.cpp, line 217]
Event: 3.245 Thread 0x0000024e84cda000 Exception <a 'java/lang/ClassNotFoundException': com/sun/org/glassfish/hk2/osgiresourcelocator/ServiceLoader> (0x00000000a6626d78) thrown at [J:\jenkins\tmp\workspace\build\src\hotspot\src\share\vm\classfile\systemDictionary.cpp, line 217]
Event: 3.253 Thread 0x0000024e84cda000 Exception <a 'java/lang/ClassNotFoundException': com/sun/org/glassfish/hk2/osgiresourcelocator/ServiceLoader> (0x00000000a6797450) thrown at [J:\jenkins\tmp\workspace\build\src\hotspot\src\share\vm\classfile\systemDictionary.cpp, line 217]
Event: 3.271 Thread 0x0000024e84cda000 Exception <a 'java/lang/ClassNotFoundException': com/sun/org/glassfish/hk2/osgiresourcelocator/ServiceLoader> (0x00000000a24b6880) thrown at [J:\jenkins\tmp\workspace\build\src\hotspot\src\share\vm\classfile\systemDictionary.cpp, line 217]
Event: 3.277 Thread 0x0000024e84cda000 Exception <a 'java/lang/ClassNotFoundException': com/sun/org/glassfish/hk2/osgiresourcelocator/ServiceLoader> (0x00000000a2628188) thrown at [J:\jenkins\tmp\workspace\build\src\hotspot\src\share\vm\classfile\systemDictionary.cpp, line 217]
Event: 3.283 Thread 0x0000024e84cda000 Exception <a 'java/lang/ClassNotFoundException': com/sun/org/glassfish/hk2/osgiresourcelocator/ServiceLoader> (0x00000000a27997f0) thrown at [J:\jenkins\tmp\workspace\build\src\hotspot\src\share\vm\classfile\systemDictionary.cpp, line 217]
Event: 3.289 Thread 0x0000024e84cda000 Exception <a 'java/lang/ClassNotFoundException': com/sun/org/glassfish/hk2/osgiresourcelocator/ServiceLoader> (0x00000000a290ae88) thrown at [J:\jenkins\tmp\workspace\build\src\hotspot\src\share\vm\classfile\systemDictionary.cpp, line 217]
Event: 3.296 Thread 0x0000024e84cda000 Exception <a 'java/lang/ClassNotFoundException': com/sun/org/glassfish/hk2/osgiresourcelocator/ServiceLoader> (0x00000000a2a7b458) thrown at [J:\jenkins\tmp\workspace\build\src\hotspot\src\share\vm\classfile\systemDictionary.cpp, line 217]
Event: 3.302 Thread 0x0000024e84cda000 Exception <a 'java/lang/ClassNotFoundException': com/sun/org/glassfish/hk2/osgiresourcelocator/ServiceLoader> (0x00000000a2bea648) thrown at [J:\jenkins\tmp\workspace\build\src\hotspot\src\share\vm\classfile\systemDictionary.cpp, line 217]

Events (10 events):
Event: 3.297 loading class java/lang/ObjectFactory
Event: 3.297 loading class java/lang/ObjectFactory done
Event: 3.302 loading class com/sun/org/glassfish/hk2/osgiresourcelocator/ServiceLoader
Event: 3.302 loading class com/sun/org/glassfish/hk2/osgiresourcelocator/ServiceLoader done
Event: 3.304 loading class java/lang/ObjectFactory
Event: 3.304 loading class java/lang/ObjectFactory done
Event: 3.304 loading class java/lang/ObjectFactory
Event: 3.304 loading class java/lang/ObjectFactory done
Event: 3.305 loading class java/lang/ObjectFactory
Event: 3.305 loading class java/lang/ObjectFactory done


Dynamic libraries:
0x00007ff667b70000 - 0x00007ff667bb5000 	D:\quatrus\quartus\bin64\jre64\bin\java.exe
0x00007ff81d6d0000 - 0x00007ff81d8c8000 	C:\WINDOWS\SYSTEM32\ntdll.dll
0x00007ff81d0e0000 - 0x00007ff81d19d000 	C:\WINDOWS\System32\KERNEL32.DLL
0x00007ff81b2f0000 - 0x00007ff81b5e6000 	C:\WINDOWS\System32\KERNELBASE.dll
0x00007ff81b8a0000 - 0x00007ff81b953000 	C:\WINDOWS\System32\ADVAPI32.dll
0x00007ff81c2f0000 - 0x00007ff81c38e000 	C:\WINDOWS\System32\msvcrt.dll
0x00007ff81bae0000 - 0x00007ff81bb7f000 	C:\WINDOWS\System32\sechost.dll
0x00007ff81c4f0000 - 0x00007ff81c616000 	C:\WINDOWS\System32\RPCRT4.dll
0x00007ff81ad90000 - 0x00007ff81adb7000 	C:\WINDOWS\System32\bcrypt.dll
0x00007ff81c150000 - 0x00007ff81c2ee000 	C:\WINDOWS\System32\USER32.dll
0x00007ff81b640000 - 0x00007ff81b662000 	C:\WINDOWS\System32\win32u.dll
0x00007ff81d0b0000 - 0x00007ff81d0db000 	C:\WINDOWS\System32\GDI32.dll
0x00007ff81adc0000 - 0x00007ff81aed7000 	C:\WINDOWS\System32\gdi32full.dll
0x00007ff81b670000 - 0x00007ff81b70d000 	C:\WINDOWS\System32\msvcp_win.dll
0x00007ff81b180000 - 0x00007ff81b280000 	C:\WINDOWS\System32\ucrtbase.dll
0x00007ff802e90000 - 0x00007ff80312a000 	C:\WINDOWS\WinSxS\amd64_microsoft.windows.common-controls_6595b64144ccf1df_6.0.19041.3636_none_60b6a03d71f818d5\COMCTL32.dll
0x00007ff81c390000 - 0x00007ff81c3c2000 	C:\WINDOWS\System32\IMM32.DLL
0x00007ffffb410000 - 0x00007ffffb425000 	D:\quatrus\quartus\bin64\jre64\bin\vcruntime140.dll
0x00007fffe8b50000 - 0x00007fffe8beb000 	D:\quatrus\quartus\bin64\jre64\bin\msvcp140.dll
0x0000000057d30000 - 0x0000000058588000 	D:\quatrus\quartus\bin64\jre64\bin\server\jvm.dll
0x00007ff81bd80000 - 0x00007ff81bd88000 	C:\WINDOWS\System32\PSAPI.DLL
0x00007ffff07b0000 - 0x00007ffff07b9000 	C:\WINDOWS\SYSTEM32\WSOCK32.dll
0x00007ff810820000 - 0x00007ff810847000 	C:\WINDOWS\SYSTEM32\WINMM.dll
0x00007ff81d1a0000 - 0x00007ff81d20b000 	C:\WINDOWS\System32\WS2_32.dll
0x00007ff814950000 - 0x00007ff81495a000 	C:\WINDOWS\SYSTEM32\VERSION.dll
0x00007ff818c60000 - 0x00007ff818c72000 	C:\WINDOWS\SYSTEM32\kernel.appcore.dll
0x00007ff816820000 - 0x00007ff816830000 	D:\quatrus\quartus\bin64\jre64\bin\verify.dll
0x00007ffff0a10000 - 0x00007ffff0a3b000 	D:\quatrus\quartus\bin64\jre64\bin\java.dll
0x00007ffff7240000 - 0x00007ffff7258000 	D:\quatrus\quartus\bin64\jre64\bin\zip.dll
0x00007ff81c8a0000 - 0x00007ff81cfe5000 	C:\WINDOWS\System32\SHELL32.dll
0x00007ff818e60000 - 0x00007ff8195fc000 	C:\WINDOWS\SYSTEM32\windows.storage.dll
0x00007ff81bd90000 - 0x00007ff81c0e4000 	C:\WINDOWS\System32\combase.dll
0x00007ff81a7c0000 - 0x00007ff81a7ee000 	C:\WINDOWS\SYSTEM32\Wldp.dll
0x00007ff81bb80000 - 0x00007ff81bc4d000 	C:\WINDOWS\System32\OLEAUT32.dll
0x00007ff81b790000 - 0x00007ff81b83d000 	C:\WINDOWS\System32\SHCORE.dll
0x00007ff81b840000 - 0x00007ff81b895000 	C:\WINDOWS\System32\shlwapi.dll
0x00007ff81acc0000 - 0x00007ff81ace5000 	C:\WINDOWS\SYSTEM32\profapi.dll
0x00007ff81a710000 - 0x00007ff81a728000 	C:\WINDOWS\SYSTEM32\CRYPTSP.dll
0x00007ff819d80000 - 0x00007ff819db4000 	C:\WINDOWS\system32\rsaenh.dll
0x00007ff81ac80000 - 0x00007ff81acae000 	C:\WINDOWS\SYSTEM32\USERENV.dll
0x00007ff81b0f0000 - 0x00007ff81b172000 	C:\WINDOWS\System32\bcryptprimitives.dll
0x00007ff81a730000 - 0x00007ff81a73c000 	C:\WINDOWS\SYSTEM32\CRYPTBASE.dll
0x00007ffff56a0000 - 0x00007ffff56bc000 	D:\quatrus\quartus\bin64\jre64\bin\net.dll
0x00007ff81a4b0000 - 0x00007ff81a51a000 	C:\WINDOWS\system32\mswsock.dll
0x00007ff81a140000 - 0x00007ff81a17b000 	C:\WINDOWS\SYSTEM32\IPHLPAPI.DLL
0x00007ff81d680000 - 0x00007ff81d688000 	C:\WINDOWS\System32\NSI.dll
0x00007ff8149a0000 - 0x00007ff8149b7000 	C:\WINDOWS\SYSTEM32\dhcpcsvc6.DLL
0x00007ff814980000 - 0x00007ff81499d000 	C:\WINDOWS\SYSTEM32\dhcpcsvc.DLL
0x00007ff81a180000 - 0x00007ff81a24b000 	C:\WINDOWS\SYSTEM32\DNSAPI.dll
0x00007ffff5280000 - 0x00007ffff5293000 	D:\quatrus\quartus\bin64\jre64\bin\nio.dll
0x00007ff815be0000 - 0x00007ff815be7000 	D:\quatrus\quartus\bin64\sld_utiljni.dll
0x0000000059d80000 - 0x0000000059f09000 	D:\quatrus\quartus\bin64\tcl86.dll
0x00007ff802bb0000 - 0x00007ff802bc9000 	C:\WINDOWS\SYSTEM32\NETAPI32.dll
0x00007ff811600000 - 0x00007ff811619000 	C:\WINDOWS\SYSTEM32\SAMCLI.DLL
0x00007ff81a2b0000 - 0x00007ff81a2bc000 	C:\WINDOWS\SYSTEM32\NETUTILS.DLL
0x00007ff81a2c0000 - 0x00007ff81a303000 	C:\WINDOWS\SYSTEM32\LOGONCLI.DLL
0x00007fffff3a0000 - 0x00007fffff4ba000 	D:\quatrus\quartus\bin64\ccl_sqlite3.dll
0x00007ffff4e10000 - 0x00007ffff4e23000 	D:\quatrus\quartus\bin64\ccl_sqlite3_jdbc_jni_bridge.dll

VM Arguments:
jvm_args: -Xmx1500M -XX:+UseSerialGC 
java_command: com.altera.sopcmodel.sbtools.sbcatalog.SbCatalog --xml --project-directory= --search-path=$,C:\Users\sobak\Desktop\FASM_Simply_Packet_T1\UART_OKBE,C:\Users\sobak\Desktop\FASM_Simply_Packet_T1\UART_OKBE
java_class_path (initial): D:/quatrus/quartus/sopc_builder/model/lib\Nlview.jar;D:/quatrus/quartus/sopc_builder/model/lib\TableLayout.jar;D:/quatrus/quartus/sopc_builder/model/lib\appframework-1.03.jar;D:/quatrus/quartus/sopc_builder/model/lib\asm-3.1.jar;D:/quatrus/quartus/sopc_builder/model/lib\asm-commons-3.1.jar;D:/quatrus/quartus/sopc_builder/model/lib\basicmodel.jar;D:/quatrus/quartus/sopc_builder/model/lib\beansbinding-1.2.1.jar;D:/quatrus/quartus/sopc_builder/model/lib\binding-2.0.6.jar;D:/quatrus/quartus/sopc_builder/model/lib\com.altera.componenteditor2.jar;D:/quatrus/quartus/sopc_builder/model/lib\com.altera.embeddedsw.app_lib.jar;D:/quatrus/quartus/sopc_builder/model/lib\com.altera.embeddedsw.bsp.editor.jar;D:/quatrus/quartus/sopc_builder/model/lib\com.altera.embeddedsw.bsp.elements.jar;D:/quatrus/quartus/sopc_builder/model/lib\com.altera.embeddedsw.bsp.jar;D:/quatrus/quartus/sopc_builder/model/lib\com.altera.embeddedsw.bsp.plugin.core.jar;D:/quatrus/quartus/sopc_builder/model/lib\com.altera.embeddedsw.bsp.plugin.hal.jar;D:/quatrus/quartus/sopc_builder/model/lib\com.altera.embeddedsw.bsp.plugin.lwhal.jar;D:/quatrus/quartus/sopc_builder/model/lib\com.altera.embeddedsw.bsp.schema.jar;D:/quatrus/quartus/sopc_builder/model/lib\com.altera.embeddedsw.bsp.scripting.jar;D:/quatrus/quartus/sopc_builder/model/lib\com.altera.embeddedsw.commandline.jar;D:/quatrus/quartus/sopc_builder/model/lib\com.altera.embeddedsw.cpexample.jar;D:/quatrus/quartus/sopc_builder/model/lib\com.altera.embeddedsw.flash.jar;D:/quatrus/quartus/sopc_builder/model/lib\com.altera.embeddedsw.launch.jar;D:/quatrus/quartus/sopc_builder/model/lib\com.altera.embeddedsw.swinfo.jar;D:/quatrus/quartus/sopc_builder/model/lib\com.altera.embeddedsw.utilities.jar;D:/quatrus/quartus/sopc_builder/model/lib\com.altera.entityinterfaces.jar;D:/quatrus/quartus/sopc_builder/model/lib\com.altera.genman.jar;D:/quatrus/quartus/sopc_builder/model/lib\com.altera.hdlcomponent.jar;D:/quatrus/quartus/sopc_builder/mod
Launcher Type: SUN_STANDARD

Environment Variables:
PATH=D:/quatrus/quartus/bin64;d:\quatrus\quartus\bin64\;d:\quatrus\quartus\bin64\;C:\Program Files\Common Files\Oracle\Java\javapath;C:\Program Files (x86)\Common Files\Oracle\Java\javapath;C:\WINDOWS\system32;C:\WINDOWS;C:\WINDOWS\System32\Wbem;C:\WINDOWS\System32\WindowsPowerShell\v1.0\;C:\WINDOWS\System32\OpenSSH\;F:\Putty\;C:\Program Files\WireGuard\;C:\Program Files\dotnet\;C:\Program Files\PuTTY\;F:\New Folder\;C:\Program Files\Git\cmd;C:\Program Files (x86)\NVIDIA Corporation\PhysX\Common;C:\Program Files\CMake\bin;C:\Users\sobak\AppData\Local\Programs\Python\Python311\Scripts\;C:\Users\sobak\AppData\Local\Programs\Python\Python311\;C:\Users\sobak\AppData\Local\Microsoft\WindowsApps;D:\Quatrus\questa_fse\win64;D:\Quatrus\questa_fe\win64;C:\Users\sobak\.dotnet\tools;F:\IntelliJ IDEA Community Edition 2023.1.2\bin;;C:\gstreamer\1.0\msvc_x86_64\bin;F:\PyCharm Community Edition 2023.2\bin;;F:\Microsoft VS Code\bin;C:\iverilog\bin;C:\iverilog\gtkwave\bin;C:\Users\sobak\AppData\Local\GitHubDesktop\bin
USERNAME=Darkness
OS=Windows_NT
PROCESSOR_IDENTIFIER=Intel64 Family 6 Model 158 Stepping 9, GenuineIntel



---------------  S Y S T E M  ---------------

OS: Windows 10 , 64 bit Build 19041 (10.0.19041.3636)

CPU:total 4 (initial active 4) (4 cores per cpu, 1 threads per core) family 6 model 158 stepping 9, cmov, cx8, fxsr, mmx, sse, sse2, sse3, ssse3, sse4.1, sse4.2, popcnt, avx, avx2, aes, clmul, erms, rtm, 3dnowpref, lzcnt, tsc, tscinvbit, bmi1, bmi2, adx

Memory: 4k page, physical 16713472k(1940864k free), swap 33217148k(3532k free)

vm_info: OpenJDK 64-Bit Server VM (25.362-b09) for windows-amd64 JRE (1.8.0_362-b09), built on Jan 18 2023 17:11:58 by "jenkins" with MS VC++ 15.9 (VS2017)

time: Fri Mar  8 21:20:11 2024
timezone: RTZ 2 ( Family 6 Model 158 Stepping 9, GenuineIntel
elapsed time: 3.315392 seconds (0d 0h 0m 3s)

