Analysis & Synthesis report for UART_OKBE
Fri Mar  8 22:49:42 2024
Quartus Prime Version 22.1std.1 Build 917 02/14/2023 SC Lite Edition


---------------------
; Table of Contents ;
---------------------
  1. Legal Notice
  2. Analysis & Synthesis Summary
  3. Analysis & Synthesis Settings
  4. Parallel Compilation
  5. Analysis & Synthesis Source Files Read
  6. Analysis & Synthesis Resource Usage Summary
  7. Analysis & Synthesis Resource Utilization by Entity
  8. State Machine - |UART_OKBE|RX:rx_inst|state
  9. State Machine - |UART_OKBE|TX:TX_inst|state
 10. Registers Removed During Synthesis
 11. General Register Statistics
 12. Inverted Register Statistics
 13. Multiplexer Restructuring Statistics (Restructuring Performed)
 14. Parameter Settings for User Entity Instance: TX:TX_inst
 15. Parameter Settings for User Entity Instance: RX:rx_inst
 16. Post-Synthesis Netlist Statistics for Top Partition
 17. Elapsed Time Per Partition
 18. Analysis & Synthesis Messages



----------------
; Legal Notice ;
----------------
Copyright (C) 2023  Intel Corporation. All rights reserved.
Your use of Intel Corporation's design tools, logic functions 
and other software and tools, and any partner logic 
functions, and any output files from any of the foregoing 
(including device programming or simulation files), and any 
associated documentation or information are expressly subject 
to the terms and conditions of the Intel Program License 
Subscription Agreement, the Intel Quartus Prime License Agreement,
the Intel FPGA IP License Agreement, or other applicable license
agreement, including, without limitation, that your use is for
the sole purpose of programming logic devices manufactured by
Intel and sold by Intel or its authorized distributors.  Please
refer to the applicable agreement for further details, at
https://fpgasoftware.intel.com/eula.



+-------------------------------------------------------------------------------------+
; Analysis & Synthesis Summary                                                        ;
+------------------------------------+------------------------------------------------+
; Analysis & Synthesis Status        ; Successful - Fri Mar  8 22:49:42 2024          ;
; Quartus Prime Version              ; 22.1std.1 Build 917 02/14/2023 SC Lite Edition ;
; Revision Name                      ; UART_OKBE                                      ;
; Top-level Entity Name              ; UART_OKBE                                      ;
; Family                             ; Cyclone IV E                                   ;
; Total logic elements               ; 195                                            ;
;     Total combinational functions  ; 181                                            ;
;     Dedicated logic registers      ; 106                                            ;
; Total registers                    ; 106                                            ;
; Total pins                         ; 6                                              ;
; Total virtual pins                 ; 0                                              ;
; Total memory bits                  ; 0                                              ;
; Embedded Multiplier 9-bit elements ; 0                                              ;
; Total PLLs                         ; 0                                              ;
+------------------------------------+------------------------------------------------+


+------------------------------------------------------------------------------------------------------------+
; Analysis & Synthesis Settings                                                                              ;
+------------------------------------------------------------------+--------------------+--------------------+
; Option                                                           ; Setting            ; Default Value      ;
+------------------------------------------------------------------+--------------------+--------------------+
; Device                                                           ; EP4CE6E22C8        ;                    ;
; Top-level entity name                                            ; UART_OKBE          ; UART_OKBE          ;
; Family name                                                      ; Cyclone IV E       ; Cyclone V          ;
; Verilog Show LMF Mapping Messages                                ; Off                ;                    ;
; Verilog Version                                                  ; SystemVerilog_2005 ; Verilog_2001       ;
; Use smart compilation                                            ; Off                ; Off                ;
; Enable parallel Assembler and Timing Analyzer during compilation ; On                 ; On                 ;
; Enable compact report table                                      ; Off                ; Off                ;
; Restructure Multiplexers                                         ; Auto               ; Auto               ;
; Create Debugging Nodes for IP Cores                              ; Off                ; Off                ;
; Preserve fewer node names                                        ; On                 ; On                 ;
; Intel FPGA IP Evaluation Mode                                    ; Enable             ; Enable             ;
; VHDL Version                                                     ; VHDL_1993          ; VHDL_1993          ;
; State Machine Processing                                         ; Auto               ; Auto               ;
; Safe State Machine                                               ; Off                ; Off                ;
; Extract Verilog State Machines                                   ; On                 ; On                 ;
; Extract VHDL State Machines                                      ; On                 ; On                 ;
; Ignore Verilog initial constructs                                ; Off                ; Off                ;
; Iteration limit for constant Verilog loops                       ; 5000               ; 5000               ;
; Iteration limit for non-constant Verilog loops                   ; 250                ; 250                ;
; Add Pass-Through Logic to Inferred RAMs                          ; On                 ; On                 ;
; Infer RAMs from Raw Logic                                        ; On                 ; On                 ;
; Parallel Synthesis                                               ; On                 ; On                 ;
; DSP Block Balancing                                              ; Auto               ; Auto               ;
; NOT Gate Push-Back                                               ; On                 ; On                 ;
; Power-Up Don't Care                                              ; On                 ; On                 ;
; Remove Redundant Logic Cells                                     ; Off                ; Off                ;
; Remove Duplicate Registers                                       ; On                 ; On                 ;
; Ignore CARRY Buffers                                             ; Off                ; Off                ;
; Ignore CASCADE Buffers                                           ; Off                ; Off                ;
; Ignore GLOBAL Buffers                                            ; Off                ; Off                ;
; Ignore ROW GLOBAL Buffers                                        ; Off                ; Off                ;
; Ignore LCELL Buffers                                             ; Off                ; Off                ;
; Ignore SOFT Buffers                                              ; On                 ; On                 ;
; Limit AHDL Integers to 32 Bits                                   ; Off                ; Off                ;
; Optimization Technique                                           ; Balanced           ; Balanced           ;
; Carry Chain Length                                               ; 70                 ; 70                 ;
; Auto Carry Chains                                                ; On                 ; On                 ;
; Auto Open-Drain Pins                                             ; On                 ; On                 ;
; Perform WYSIWYG Primitive Resynthesis                            ; Off                ; Off                ;
; Auto ROM Replacement                                             ; On                 ; On                 ;
; Auto RAM Replacement                                             ; On                 ; On                 ;
; Auto DSP Block Replacement                                       ; On                 ; On                 ;
; Auto Shift Register Replacement                                  ; Auto               ; Auto               ;
; Allow Shift Register Merging across Hierarchies                  ; Auto               ; Auto               ;
; Auto Clock Enable Replacement                                    ; On                 ; On                 ;
; Strict RAM Replacement                                           ; Off                ; Off                ;
; Allow Synchronous Control Signals                                ; On                 ; On                 ;
; Force Use of Synchronous Clear Signals                           ; Off                ; Off                ;
; Auto RAM Block Balancing                                         ; On                 ; On                 ;
; Auto RAM to Logic Cell Conversion                                ; Off                ; Off                ;
; Auto Resource Sharing                                            ; Off                ; Off                ;
; Allow Any RAM Size For Recognition                               ; Off                ; Off                ;
; Allow Any ROM Size For Recognition                               ; Off                ; Off                ;
; Allow Any Shift Register Size For Recognition                    ; Off                ; Off                ;
; Use LogicLock Constraints during Resource Balancing              ; On                 ; On                 ;
; Ignore translate_off and synthesis_off directives                ; Off                ; Off                ;
; Timing-Driven Synthesis                                          ; On                 ; On                 ;
; Report Parameter Settings                                        ; On                 ; On                 ;
; Report Source Assignments                                        ; On                 ; On                 ;
; Report Connectivity Checks                                       ; On                 ; On                 ;
; Ignore Maximum Fan-Out Assignments                               ; Off                ; Off                ;
; Synchronization Register Chain Length                            ; 2                  ; 2                  ;
; Power Optimization During Synthesis                              ; Normal compilation ; Normal compilation ;
; HDL message level                                                ; Level2             ; Level2             ;
; Suppress Register Optimization Related Messages                  ; Off                ; Off                ;
; Number of Removed Registers Reported in Synthesis Report         ; 5000               ; 5000               ;
; Number of Swept Nodes Reported in Synthesis Report               ; 5000               ; 5000               ;
; Number of Inverted Registers Reported in Synthesis Report        ; 100                ; 100                ;
; Clock MUX Protection                                             ; On                 ; On                 ;
; Auto Gated Clock Conversion                                      ; Off                ; Off                ;
; Block Design Naming                                              ; Auto               ; Auto               ;
; SDC constraint protection                                        ; Off                ; Off                ;
; Synthesis Effort                                                 ; Auto               ; Auto               ;
; Shift Register Replacement - Allow Asynchronous Clear Signal     ; On                 ; On                 ;
; Pre-Mapping Resynthesis Optimization                             ; Off                ; Off                ;
; Analysis & Synthesis Message Level                               ; Medium             ; Medium             ;
; Disable Register Merging Across Hierarchies                      ; Auto               ; Auto               ;
; Resource Aware Inference For Block RAM                           ; On                 ; On                 ;
+------------------------------------------------------------------+--------------------+--------------------+


+------------------------------------------+
; Parallel Compilation                     ;
+----------------------------+-------------+
; Processors                 ; Number      ;
+----------------------------+-------------+
; Number detected on machine ; 4           ;
; Maximum allowed            ; 4           ;
;                            ;             ;
; Average used               ; 1.00        ;
; Maximum used               ; 4           ;
;                            ;             ;
; Usage by Processor         ; % Time Used ;
;     Processor 1            ; 100.0%      ;
;     Processors 2-4         ;   0.0%      ;
+----------------------------+-------------+


+-------------------------------------------------------------------------------------------------------------------------------------------------------------------+
; Analysis & Synthesis Source Files Read                                                                                                                            ;
+----------------------------------+-----------------+------------------------------+---------------------------------------------------------------------+---------+
; File Name with User-Entered Path ; Used in Netlist ; File Type                    ; File Name with Absolute Path                                        ; Library ;
+----------------------------------+-----------------+------------------------------+---------------------------------------------------------------------+---------+
; UART_OKBE.sv                     ; yes             ; User SystemVerilog HDL File  ; C:/Users/sobak/Desktop/FASM_Simply_Packet_T1/UART_OKBE/UART_OKBE.sv ;         ;
; tx.sv                            ; yes             ; User SystemVerilog HDL File  ; C:/Users/sobak/Desktop/FASM_Simply_Packet_T1/UART_OKBE/tx.sv        ;         ;
; rx.sv                            ; yes             ; User SystemVerilog HDL File  ; C:/Users/sobak/Desktop/FASM_Simply_Packet_T1/UART_OKBE/rx.sv        ;         ;
+----------------------------------+-----------------+------------------------------+---------------------------------------------------------------------+---------+


+---------------------------------------------------------+
; Analysis & Synthesis Resource Usage Summary             ;
+---------------------------------------------+-----------+
; Resource                                    ; Usage     ;
+---------------------------------------------+-----------+
; Estimated Total logic elements              ; 195       ;
;                                             ;           ;
; Total combinational functions               ; 181       ;
; Logic element usage by number of LUT inputs ;           ;
;     -- 4 input functions                    ; 77        ;
;     -- 3 input functions                    ; 15        ;
;     -- <=2 input functions                  ; 89        ;
;                                             ;           ;
; Logic elements by mode                      ;           ;
;     -- normal mode                          ; 115       ;
;     -- arithmetic mode                      ; 66        ;
;                                             ;           ;
; Total registers                             ; 106       ;
;     -- Dedicated logic registers            ; 106       ;
;     -- I/O registers                        ; 0         ;
;                                             ;           ;
; I/O pins                                    ; 6         ;
;                                             ;           ;
; Embedded Multiplier 9-bit elements          ; 0         ;
;                                             ;           ;
; Maximum fan-out node                        ; clk~input ;
; Maximum fan-out                             ; 106       ;
; Total fan-out                               ; 807       ;
; Average fan-out                             ; 2.70      ;
+---------------------------------------------+-----------+


+------------------------------------------------------------------------------------------------------------------------------------------------------------------------------------------------------------+
; Analysis & Synthesis Resource Utilization by Entity                                                                                                                                                        ;
+----------------------------+---------------------+---------------------------+-------------+--------------+---------+-----------+------+--------------+-----------------------+-------------+--------------+
; Compilation Hierarchy Node ; Combinational ALUTs ; Dedicated Logic Registers ; Memory Bits ; DSP Elements ; DSP 9x9 ; DSP 18x18 ; Pins ; Virtual Pins ; Full Hierarchy Name   ; Entity Name ; Library Name ;
+----------------------------+---------------------+---------------------------+-------------+--------------+---------+-----------+------+--------------+-----------------------+-------------+--------------+
; |UART_OKBE                 ; 181 (12)            ; 106 (10)                  ; 0           ; 0            ; 0       ; 0         ; 6    ; 0            ; |UART_OKBE            ; UART_OKBE   ; work         ;
;    |RX:rx_inst|            ; 102 (102)           ; 50 (50)                   ; 0           ; 0            ; 0       ; 0         ; 0    ; 0            ; |UART_OKBE|RX:rx_inst ; RX          ; work         ;
;    |TX:TX_inst|            ; 67 (67)             ; 46 (46)                   ; 0           ; 0            ; 0       ; 0         ; 0    ; 0            ; |UART_OKBE|TX:TX_inst ; TX          ; work         ;
+----------------------------+---------------------+---------------------------+-------------+--------------+---------+-----------+------+--------------+-----------------------+-------------+--------------+
Note: For table entries with two numbers listed, the numbers in parentheses indicate the number of resources of the given type used by the specific entity alone. The numbers listed outside of parentheses indicate the total resources of the given type used by the specific entity and all of its sub-entities in the hierarchy.


Encoding Type:  One-Hot
+-------------------------------------------------+
; State Machine - |UART_OKBE|RX:rx_inst|state     ;
+------------+----------+------------+------------+
; Name       ; state.00 ; state.stop ; state.read ;
+------------+----------+------------+------------+
; state.00   ; 0        ; 0          ; 0          ;
; state.read ; 1        ; 0          ; 1          ;
; state.stop ; 1        ; 1          ; 0          ;
+------------+----------+------------+------------+


Encoding Type:  One-Hot
+---------------------------------------------+
; State Machine - |UART_OKBE|TX:TX_inst|state ;
+-----------------+---------------------------+
; Name            ; state.write               ;
+-----------------+---------------------------+
; state.wait_data ; 0                         ;
; state.write     ; 1                         ;
+-----------------+---------------------------+


+--------------------------------------------------------------------------------+
; Registers Removed During Synthesis                                             ;
+---------------------------------------+----------------------------------------+
; Register name                         ; Reason for Removal                     ;
+---------------------------------------+----------------------------------------+
; TX:TX_inst|data[0]                    ; Stuck at GND due to stuck port data_in ;
; state[1]                              ; Stuck at GND due to stuck port data_in ;
; TX:TX_inst|state~4                    ; Lost fanout                            ;
; Total Number of Removed Registers = 3 ;                                        ;
+---------------------------------------+----------------------------------------+


+------------------------------------------------------+
; General Register Statistics                          ;
+----------------------------------------------+-------+
; Statistic                                    ; Value ;
+----------------------------------------------+-------+
; Total registers                              ; 106   ;
; Number of registers using Synchronous Clear  ; 0     ;
; Number of registers using Synchronous Load   ; 0     ;
; Number of registers using Asynchronous Clear ; 0     ;
; Number of registers using Asynchronous Load  ; 0     ;
; Number of registers using Clock Enable       ; 65    ;
; Number of registers using Preset             ; 0     ;
+----------------------------------------------+-------+


+--------------------------------------------------+
; Inverted Register Statistics                     ;
+----------------------------------------+---------+
; Inverted Register                      ; Fan out ;
+----------------------------------------+---------+
; data[7]                                ; 1       ;
; data[5]                                ; 1       ;
; data[3]                                ; 1       ;
; data[1]                                ; 1       ;
; Total number of inverted registers = 4 ;         ;
+----------------------------------------+---------+


+---------------------------------------------------------------------------------------------------------------------------------------------------+
; Multiplexer Restructuring Statistics (Restructuring Performed)                                                                                    ;
+--------------------+-----------+---------------+----------------------+------------------------+------------+-------------------------------------+
; Multiplexer Inputs ; Bus Width ; Baseline Area ; Area if Restructured ; Saving if Restructured ; Registered ; Example Multiplexer Output          ;
+--------------------+-----------+---------------+----------------------+------------------------+------------+-------------------------------------+
; 3:1                ; 4 bits    ; 8 LEs         ; 4 LEs                ; 4 LEs                  ; Yes        ; |UART_OKBE|data[0]                  ;
; 4:1                ; 2 bits    ; 4 LEs         ; 4 LEs                ; 0 LEs                  ; Yes        ; |UART_OKBE|state[0]                 ;
; 8:1                ; 32 bits   ; 160 LEs       ; 64 LEs               ; 96 LEs                 ; Yes        ; |UART_OKBE|RX:rx_inst|clock_cnt[31] ;
; 3:1                ; 4 bits    ; 8 LEs         ; 4 LEs                ; 4 LEs                  ; Yes        ; |UART_OKBE|data[7]                  ;
; 6:1                ; 3 bits    ; 12 LEs        ; 6 LEs                ; 6 LEs                  ; No         ; |UART_OKBE|RX:rx_inst|Selector33    ;
+--------------------+-----------+---------------+----------------------+------------------------+------------+-------------------------------------+


+---------------------------------------------------------+
; Parameter Settings for User Entity Instance: TX:TX_inst ;
+----------------+----------+-----------------------------+
; Parameter Name ; Value    ; Type                        ;
+----------------+----------+-----------------------------+
; CLK_FREQ       ; 50000000 ; Signed Integer              ;
; BAUD_RADE      ; 9600     ; Signed Integer              ;
+----------------+----------+-----------------------------+
Note: In order to hide this table in the UI and the text report file, please set the "Show Parameter Settings in Synthesis Report" option in "Analysis and Synthesis Settings -> More Settings" to "Off".


+---------------------------------------------------------+
; Parameter Settings for User Entity Instance: RX:rx_inst ;
+----------------+----------+-----------------------------+
; Parameter Name ; Value    ; Type                        ;
+----------------+----------+-----------------------------+
; CLK_FREQ       ; 50000000 ; Signed Integer              ;
; BAUD_RADE      ; 9600     ; Signed Integer              ;
+----------------+----------+-----------------------------+
Note: In order to hide this table in the UI and the text report file, please set the "Show Parameter Settings in Synthesis Report" option in "Analysis and Synthesis Settings -> More Settings" to "Off".


+-----------------------------------------------------+
; Post-Synthesis Netlist Statistics for Top Partition ;
+-----------------------+-----------------------------+
; Type                  ; Count                       ;
+-----------------------+-----------------------------+
; boundary_port         ; 6                           ;
; cycloneiii_ff         ; 106                         ;
;     ENA               ; 65                          ;
;     plain             ; 41                          ;
; cycloneiii_lcell_comb ; 183                         ;
;     arith             ; 66                          ;
;         2 data inputs ; 66                          ;
;     normal            ; 117                         ;
;         0 data inputs ; 1                           ;
;         1 data inputs ; 9                           ;
;         2 data inputs ; 15                          ;
;         3 data inputs ; 15                          ;
;         4 data inputs ; 77                          ;
;                       ;                             ;
; Max LUT depth         ; 6.00                        ;
; Average LUT depth     ; 4.01                        ;
+-----------------------+-----------------------------+


+-------------------------------+
; Elapsed Time Per Partition    ;
+----------------+--------------+
; Partition Name ; Elapsed Time ;
+----------------+--------------+
; Top            ; 00:00:01     ;
+----------------+--------------+


+-------------------------------+
; Analysis & Synthesis Messages ;
+-------------------------------+
Info: *******************************************************************
Info: Running Quartus Prime Analysis & Synthesis
    Info: Version 22.1std.1 Build 917 02/14/2023 SC Lite Edition
    Info: Processing started: Fri Mar  8 22:49:25 2024
Info: Command: quartus_map --read_settings_files=on --write_settings_files=off UART_OKBE -c UART_OKBE
Warning (18236): Number of processors has not been specified which may cause overloading on shared machines.  Set the global assignment NUM_PARALLEL_PROCESSORS in your QSF to an appropriate value for best performance.
Info (20030): Parallel compilation is enabled and will use 4 of the 4 processors detected
Info (12021): Found 1 design units, including 1 entities, in source file uart_okbe.sv
    Info (12023): Found entity 1: UART_OKBE File: C:/Users/sobak/Desktop/FASM_Simply_Packet_T1/UART_OKBE/UART_OKBE.sv Line: 1
Info (12021): Found 1 design units, including 1 entities, in source file tx.sv
    Info (12023): Found entity 1: TX File: C:/Users/sobak/Desktop/FASM_Simply_Packet_T1/UART_OKBE/tx.sv Line: 1
Info (12021): Found 1 design units, including 1 entities, in source file rx.sv
    Info (12023): Found entity 1: RX File: C:/Users/sobak/Desktop/FASM_Simply_Packet_T1/UART_OKBE/rx.sv Line: 1
Info (12127): Elaborating entity "UART_OKBE" for the top level hierarchy
Warning (10036): Verilog HDL or VHDL warning at UART_OKBE.sv(10): object "cnt" assigned a value but never read File: C:/Users/sobak/Desktop/FASM_Simply_Packet_T1/UART_OKBE/UART_OKBE.sv Line: 10
Info (12128): Elaborating entity "TX" for hierarchy "TX:TX_inst" File: C:/Users/sobak/Desktop/FASM_Simply_Packet_T1/UART_OKBE/UART_OKBE.sv Line: 60
Warning (10230): Verilog HDL assignment warning at tx.sv(47): truncated value with size 32 to match size of target (1) File: C:/Users/sobak/Desktop/FASM_Simply_Packet_T1/UART_OKBE/tx.sv Line: 47
Warning (10230): Verilog HDL assignment warning at tx.sv(48): truncated value with size 32 to match size of target (1) File: C:/Users/sobak/Desktop/FASM_Simply_Packet_T1/UART_OKBE/tx.sv Line: 48
Info (12128): Elaborating entity "RX" for hierarchy "RX:rx_inst" File: C:/Users/sobak/Desktop/FASM_Simply_Packet_T1/UART_OKBE/UART_OKBE.sv Line: 71
Warning (10230): Verilog HDL assignment warning at rx.sv(64): truncated value with size 32 to match size of target (8) File: C:/Users/sobak/Desktop/FASM_Simply_Packet_T1/UART_OKBE/rx.sv Line: 64
Warning (13024): Output pins are stuck at VCC or GND
    Warning (13410): Pin "led2" is stuck at VCC File: C:/Users/sobak/Desktop/FASM_Simply_Packet_T1/UART_OKBE/UART_OKBE.sv Line: 5
Info (286030): Timing-Driven Synthesis is running
Info (17049): 1 registers lost all their fanouts during netlist optimizations.
Info (16010): Generating hard_block partition "hard_block:auto_generated_inst"
    Info (16011): Adding 0 node(s), including 0 DDIO, 0 PLL, 0 transceiver and 0 LCELL
Info (21057): Implemented 201 device resources after synthesis - the final resource count might be different
    Info (21058): Implemented 3 input pins
    Info (21059): Implemented 3 output pins
    Info (21061): Implemented 195 logic cells
Info: Quartus Prime Analysis & Synthesis was successful. 0 errors, 7 warnings
    Info: Peak virtual memory: 4767 megabytes
    Info: Processing ended: Fri Mar  8 22:49:42 2024
    Info: Elapsed time: 00:00:17
    Info: Total CPU time (on all processors): 00:00:23


